Performing C++ SOURCE FILE Test CMAKE_HAVE_LIBC_PTHREAD failed with the following output:
Change Dir: /home/hjamal/Desktop/vio_gtsam/build/CMakeFiles/CMakeTmp

Run Build Command(s):/usr/bin/make -f Makefile cmTC_c54cf/fast && /usr/bin/make  -f CMakeFiles/cmTC_c54cf.dir/build.make CMakeFiles/cmTC_c54cf.dir/build
make[1]: Entering directory '/home/hjamal/Desktop/vio_gtsam/build/CMakeFiles/CMakeTmp'
Building CXX object CMakeFiles/cmTC_c54cf.dir/src.cxx.o
/usr/bin/c++ -DCMAKE_HAVE_LIBC_PTHREAD   -o CMakeFiles/cmTC_c54cf.dir/src.cxx.o -c /home/hjamal/Desktop/vio_gtsam/build/CMakeFiles/CMakeTmp/src.cxx
Linking CXX executable cmTC_c54cf
/usr/local/bin/cmake -E cmake_link_script CMakeFiles/cmTC_c54cf.dir/link.txt --verbose=1
/usr/bin/c++ -rdynamic CMakeFiles/cmTC_c54cf.dir/src.cxx.o -o cmTC_c54cf 
CMakeFiles/cmTC_c54cf.dir/src.cxx.o: In function `main':
src.cxx:(.text+0x3e): undefined reference to `pthread_create'
src.cxx:(.text+0x4a): undefined reference to `pthread_detach'
src.cxx:(.text+0x56): undefined reference to `pthread_cancel'
src.cxx:(.text+0x67): undefined reference to `pthread_join'
src.cxx:(.text+0x7b): undefined reference to `pthread_atfork'
collect2: error: ld returned 1 exit status
CMakeFiles/cmTC_c54cf.dir/build.make:98: recipe for target 'cmTC_c54cf' failed
make[1]: *** [cmTC_c54cf] Error 1
make[1]: Leaving directory '/home/hjamal/Desktop/vio_gtsam/build/CMakeFiles/CMakeTmp'
Makefile:127: recipe for target 'cmTC_c54cf/fast' failed
make: *** [cmTC_c54cf/fast] Error 2


Source file was:
#include <pthread.h>

static void* test_func(void* data)
{
  return data;
}

int main(void)
{
  pthread_t thread;
  pthread_create(&thread, NULL, test_func, NULL);
  pthread_detach(thread);
  pthread_cancel(thread);
  pthread_join(thread, NULL);
  pthread_atfork(NULL, NULL, NULL);
  pthread_exit(NULL);

  return 0;
}

Determining if the function pthread_create exists in the pthreads failed with the following output:
Change Dir: /home/hjamal/Desktop/vio_gtsam/build/CMakeFiles/CMakeTmp

Run Build Command(s):/usr/bin/make -f Makefile cmTC_27e15/fast && /usr/bin/make  -f CMakeFiles/cmTC_27e15.dir/build.make CMakeFiles/cmTC_27e15.dir/build
make[1]: Entering directory '/home/hjamal/Desktop/vio_gtsam/build/CMakeFiles/CMakeTmp'
Building CXX object CMakeFiles/cmTC_27e15.dir/CheckFunctionExists.cxx.o
/usr/bin/c++   -DCHECK_FUNCTION_EXISTS=pthread_create -o CMakeFiles/cmTC_27e15.dir/CheckFunctionExists.cxx.o -c /home/hjamal/Desktop/vio_gtsam/build/CMakeFiles/CheckLibraryExists/CheckFunctionExists.cxx
Linking CXX executable cmTC_27e15
/usr/local/bin/cmake -E cmake_link_script CMakeFiles/cmTC_27e15.dir/link.txt --verbose=1
/usr/bin/c++  -DCHECK_FUNCTION_EXISTS=pthread_create -rdynamic CMakeFiles/cmTC_27e15.dir/CheckFunctionExists.cxx.o -o cmTC_27e15  -lpthreads 
/usr/bin/ld: cannot find -lpthreads
collect2: error: ld returned 1 exit status
CMakeFiles/cmTC_27e15.dir/build.make:98: recipe for target 'cmTC_27e15' failed
make[1]: *** [cmTC_27e15] Error 1
make[1]: Leaving directory '/home/hjamal/Desktop/vio_gtsam/build/CMakeFiles/CMakeTmp'
Makefile:127: recipe for target 'cmTC_27e15/fast' failed
make: *** [cmTC_27e15/fast] Error 2



